<?xml version="1.0" encoding="UTF-8"?>
<!-- Generated by org.testng.reporters.JUnitXMLReporter -->
<testsuite hostname="DESKTOP-JR5HN3R" ignored="7" name="Test" tests="9" failures="0" timestamp="16 Sep 2020 20:59:09 GMT" time="123.598" errors="0">
  <testcase name="login" time="0.006" classname="com.scripts.Actitime.TestActitimeLogin"/>
  <testcase name="customercreation" time="5.987" classname="com.scripts.Actitime.TestActitimeCustomer"/>
  <testcase name="customerdeletion" time="8.521" classname="com.scripts.Actitime.TestActitimeCustomer"/>
  <testcase name="createleavetype" time="5.368" classname="com.scripts.Actitime.TestActitimeLeaveType"/>
  <testcase name="leavetypeedit" time="11.597" classname="com.scripts.Actitime.TestActitimeLeaveType"/>
  <testcase name="deleteleaveType" time="9.296" classname="com.scripts.Actitime.TestActitimeLeaveType"/>
  <testcase name="creatework" time="5.077" classname="com.scripts.Actitime.TestActitimeWorkType"/>
  <testcase name="worktypeedit" time="7.844" classname="com.scripts.Actitime.TestActitimeWorkType"/>
  <testcase name="worktypedelete" time="9.285" classname="com.scripts.Actitime.TestActitimeWorkType"/>
  <testcase name="editcustomer" time="0.0" classname="com.scripts.Actitime.TestActitimeCustomer">
    <ignored/>
  </testcase> <!-- editcustomer -->
  <testcase name="@BeforeSuite executionStarted" time="0.0" classname="com.generics.Actitime.BaseTest">
    <ignored/>
  </testcase> <!-- @BeforeSuite executionStarted -->
  <testcase name="@BeforeSuite executionStarted" time="0.0" classname="com.generics.Actitime.BaseTest">
    <ignored/>
  </testcase> <!-- @BeforeSuite executionStarted -->
  <testcase name="@BeforeSuite executionStarted" time="0.0" classname="com.generics.Actitime.BaseTest">
    <ignored/>
  </testcase> <!-- @BeforeSuite executionStarted -->
  <testcase name="@AfterSuite executionStopped" time="0.0" classname="com.generics.Actitime.BaseTest">
    <ignored/>
  </testcase> <!-- @AfterSuite executionStopped -->
  <testcase name="@AfterSuite executionStopped" time="0.0" classname="com.generics.Actitime.BaseTest">
    <ignored/>
  </testcase> <!-- @AfterSuite executionStopped -->
  <testcase name="@AfterSuite executionStopped" time="0.0" classname="com.generics.Actitime.BaseTest">
    <ignored/>
  </testcase> <!-- @AfterSuite executionStopped -->
</testsuite> <!-- Test -->
